<?xml version="1.0" encoding="UTF-8"?>
<!-- Generated by org.testng.reporters.JUnitReportReporter -->
<testsuite skipped="0" hostname="anshul48918" name="com.project.selenium.runner.TestRunner" tests="2" failures="0" timestamp="24 May 2019 11:43:32 GMT" time="78.775" errors="0">
  <testcase name="feature" time="50.059" classname="com.project.selenium.runner.TestRunner"/>
  <testcase name="feature" time="28.716" classname="com.project.selenium.runner.TestRunner"/>
</testsuite> <!-- com.project.selenium.runner.TestRunner -->
