<?xml version="1.0" encoding="UTF-8"?>
<!-- Generated by org.testng.reporters.JUnitReportReporter -->
<testsuite skipped="0" hostname="anshul48918" name="runner.TestRunner" tests="2" failures="0" timestamp="24 May 2019 11:17:58 GMT" time="75.896" errors="0">
  <testcase name="feature" time="42.699" classname="runner.TestRunner"/>
  <testcase name="feature" time="33.197" classname="runner.TestRunner"/>
</testsuite> <!-- runner.TestRunner -->
